<?xml version="1.0" encoding="UTF-8"?>
<!-- Generated by org.testng.reporters.JUnitXMLReporter -->
<testsuite hostname="DTBLR01LP21" ignored="0" name="Default test" tests="4" failures="0" timestamp="26 Jul 2023 12:46:48 GMT" time="65.414" errors="0">
  <testcase name="Details" time="14.109" classname="com.demo.datatest.DataTest"/>
  <testcase name="Details" time="14.103" classname="com.demo.datatest.DataTest"/>
  <testcase name="Details" time="13.465" classname="com.demo.datatest.DataTest"/>
  <testcase name="Details" time="13.476" classname="com.demo.datatest.DataTest"/>
</testsuite> <!-- Default test -->
